[debug] [2023-08-29T09:45:22.375Z] ----------------------------------------------------------------------
[debug] [2023-08-29T09:45:22.377Z] Command:       C:\Program Files\nodejs\node.exe C:\Users\haritha\AppData\Roaming\npm\node_modules\firebase-tools\lib\bin\firebase.js init
[debug] [2023-08-29T09:45:22.378Z] CLI Version:   12.5.2
[debug] [2023-08-29T09:45:22.378Z] Platform:      win32
[debug] [2023-08-29T09:45:22.378Z] Node Version:  v18.13.0
[debug] [2023-08-29T09:45:22.379Z] Time:          Tue Aug 29 2023 15:15:22 GMT+0530 (India Standard Time)
[debug] [2023-08-29T09:45:22.379Z] ----------------------------------------------------------------------
[debug] 
[debug] [2023-08-29T09:45:22.451Z] > command requires scopes: ["email","openid","https://www.googleapis.com/auth/cloudplatformprojects.readonly","https://www.googleapis.com/auth/firebase","https://www.googleapis.com/auth/cloud-platform"]
[debug] [2023-08-29T09:45:22.452Z] > authorizing via signed-in user (ponharitha123@gmail.com)
[info] 
     ######## #### ########  ######## ########     ###     ######  ########
     ##        ##  ##     ## ##       ##     ##  ##   ##  ##       ##
     ######    ##  ########  ######   ########  #########  ######  ######
     ##        ##  ##    ##  ##       ##     ## ##     ##       ## ##
     ##       #### ##     ## ######## ########  ##     ##  ######  ########

You're about to initialize a Firebase project in this directory:

  C:\Users\haritha\Downloads\Movie-Ticket-Booking-App---React-and-Firebase-master\Movie-Ticket-Booking-App---React-and-Firebase-master

Before we get started, keep in mind:

  * You are initializing within an existing Firebase project directory

